\\home.org.aalto.fi\amezcul1\data\documents\laaa\cg\assignment4\build\win32_debug\framework\framework.pdb
\\home.org.aalto.fi\amezcul1\data\documents\laaa\cg\assignment4\build\win32_debug\framework\lodepng.obj
\\home.org.aalto.fi\amezcul1\data\documents\laaa\cg\assignment4\build\win32_debug\framework\defs.obj
\\home.org.aalto.fi\amezcul1\data\documents\laaa\cg\assignment4\build\win32_debug\framework\hash.obj
\\home.org.aalto.fi\amezcul1\data\documents\laaa\cg\assignment4\build\win32_debug\framework\multicorelauncher.obj
\\home.org.aalto.fi\amezcul1\data\documents\laaa\cg\assignment4\build\win32_debug\framework\string.obj
\\home.org.aalto.fi\amezcul1\data\documents\laaa\cg\assignment4\build\win32_debug\framework\unionfind.obj
\\home.org.aalto.fi\amezcul1\data\documents\laaa\cg\assignment4\build\win32_debug\framework\image.obj
\\home.org.aalto.fi\amezcul1\data\documents\laaa\cg\assignment4\build\win32_debug\framework\cameracontrols.obj
\\home.org.aalto.fi\amezcul1\data\documents\laaa\cg\assignment4\build\win32_debug\framework\texture.obj
\\home.org.aalto.fi\amezcul1\data\documents\laaa\cg\assignment4\build\win32_debug\framework\buffer.obj
\\home.org.aalto.fi\amezcul1\data\documents\laaa\cg\assignment4\build\win32_debug\framework\glcontext.obj
\\home.org.aalto.fi\amezcul1\data\documents\laaa\cg\assignment4\build\win32_debug\framework\imagebinaryio.obj
\\home.org.aalto.fi\amezcul1\data\documents\laaa\cg\assignment4\build\win32_debug\framework\imagepfmio.obj
\\home.org.aalto.fi\amezcul1\data\documents\laaa\cg\assignment4\build\win32_debug\framework\imagetiffio.obj
\\home.org.aalto.fi\amezcul1\data\documents\laaa\cg\assignment4\build\win32_debug\framework\statedump.obj
\\home.org.aalto.fi\amezcul1\data\documents\laaa\cg\assignment4\build\win32_debug\framework\binaryheap.obj
\\home.org.aalto.fi\amezcul1\data\documents\laaa\cg\assignment4\build\win32_debug\framework\deque.obj
\\home.org.aalto.fi\amezcul1\data\documents\laaa\cg\assignment4\build\win32_debug\framework\main.obj
\\home.org.aalto.fi\amezcul1\data\documents\laaa\cg\assignment4\build\win32_debug\framework\sort.obj
\\home.org.aalto.fi\amezcul1\data\documents\laaa\cg\assignment4\build\win32_debug\framework\timer.obj
\\home.org.aalto.fi\amezcul1\data\documents\laaa\cg\assignment4\build\win32_debug\framework\cudakernel.obj
\\home.org.aalto.fi\amezcul1\data\documents\laaa\cg\assignment4\build\win32_debug\framework\keys.obj
\\home.org.aalto.fi\amezcul1\data\documents\laaa\cg\assignment4\build\win32_debug\framework\convexpolyhedron.obj
\\home.org.aalto.fi\amezcul1\data\documents\laaa\cg\assignment4\build\win32_debug\framework\textureatlas.obj
\\home.org.aalto.fi\amezcul1\data\documents\laaa\cg\assignment4\build\win32_debug\framework\cudamodule.obj
\\home.org.aalto.fi\amezcul1\data\documents\laaa\cg\assignment4\build\win32_debug\framework\file.obj
\\home.org.aalto.fi\amezcul1\data\documents\laaa\cg\assignment4\build\win32_debug\framework\imagelodepngio.obj
\\home.org.aalto.fi\amezcul1\data\documents\laaa\cg\assignment4\build\win32_debug\framework\imagetargaio.obj
\\home.org.aalto.fi\amezcul1\data\documents\laaa\cg\assignment4\build\win32_debug\framework\meshwavefrontio.obj
\\home.org.aalto.fi\amezcul1\data\documents\laaa\cg\assignment4\build\win32_debug\framework\array.obj
\\home.org.aalto.fi\amezcul1\data\documents\laaa\cg\assignment4\build\win32_debug\framework\dllimports.obj
\\home.org.aalto.fi\amezcul1\data\documents\laaa\cg\assignment4\build\win32_debug\framework\math.obj
\\home.org.aalto.fi\amezcul1\data\documents\laaa\cg\assignment4\build\win32_debug\framework\random.obj
\\home.org.aalto.fi\amezcul1\data\documents\laaa\cg\assignment4\build\win32_debug\framework\thread.obj
\\home.org.aalto.fi\amezcul1\data\documents\laaa\cg\assignment4\build\win32_debug\framework\commoncontrols.obj
\\home.org.aalto.fi\amezcul1\data\documents\laaa\cg\assignment4\build\win32_debug\framework\window.obj
\\home.org.aalto.fi\amezcul1\data\documents\laaa\cg\assignment4\build\win32_debug\framework\mesh.obj
\\home.org.aalto.fi\amezcul1\data\documents\laaa\cg\assignment4\build\win32_debug\framework\cudacompiler.obj
\\home.org.aalto.fi\amezcul1\data\documents\laaa\cg\assignment4\build\win32_debug\framework\aviexporter.obj
\\home.org.aalto.fi\amezcul1\data\documents\laaa\cg\assignment4\build\win32_debug\framework\imagebmpio.obj
\\home.org.aalto.fi\amezcul1\data\documents\laaa\cg\assignment4\build\win32_debug\framework\imagerawpngio.obj
\\home.org.aalto.fi\amezcul1\data\documents\laaa\cg\assignment4\build\win32_debug\framework\meshbinaryio.obj
\\home.org.aalto.fi\amezcul1\data\documents\laaa\cg\assignment4\build\win32_debug\framework\stream.obj
\\home.org.aalto.fi\amezcul1\data\documents\laaa\cg\assignment4\build\win32_debug\framework\framework.lib
\\home.org.aalto.fi\amezcul1\data\documents\laaa\cg\assignment4\build\win32_debug\framework\framework.tlog\cl.command.1.tlog
\\home.org.aalto.fi\amezcul1\data\documents\laaa\cg\assignment4\build\win32_debug\framework\framework.tlog\cl.read.1.tlog
\\home.org.aalto.fi\amezcul1\data\documents\laaa\cg\assignment4\build\win32_debug\framework\framework.tlog\cl.write.1.tlog
\\home.org.aalto.fi\amezcul1\data\documents\laaa\cg\assignment4\build\win32_debug\framework\framework.tlog\lib-link.read.1.tlog
\\home.org.aalto.fi\amezcul1\data\documents\laaa\cg\assignment4\build\win32_debug\framework\framework.tlog\lib-link.write.1.tlog
\\home.org.aalto.fi\amezcul1\data\documents\laaa\cg\assignment4\build\win32_debug\framework\framework.tlog\lib.command.1.tlog
